<?xml version="1.0" encoding="UTF-8"?>
<testng-results skipped="0" failed="0" total="1" passed="1">
  <reporter-output>
  </reporter-output>
  <suite name="Default suite" duration-ms="291135" started-at="2017-12-24T11:54:43Z" finished-at="2017-12-24T11:59:34Z">
    <groups>
    </groups>
    <test name="Default test" duration-ms="291135" started-at="2017-12-24T11:54:43Z" finished-at="2017-12-24T11:59:34Z">
      <class name="Development.Iwish_Account">
        <test-method status="PASS" signature="SetUp()[pri:0, instance:Development.Iwish_Account@97e1986]" name="SetUp" is-config="true" duration-ms="8521" started-at="2017-12-24T17:24:43Z" finished-at="2017-12-24T17:24:52Z">
          <reporter-output>
          </reporter-output>
        </test-method> <!-- SetUp -->
        <test-method status="PASS" signature="Tc_1()[pri:0, instance:Development.Iwish_Account@97e1986]" name="Tc_1" duration-ms="282567" started-at="2017-12-24T17:24:52Z" finished-at="2017-12-24T17:29:34Z">
          <reporter-output>
          </reporter-output>
        </test-method> <!-- Tc_1 -->
        <test-method status="PASS" signature="End()[pri:0, instance:Development.Iwish_Account@97e1986]" name="End" is-config="true" duration-ms="26" started-at="2017-12-24T17:29:34Z" finished-at="2017-12-24T17:29:34Z">
          <reporter-output>
          </reporter-output>
        </test-method> <!-- End -->
      </class> <!-- Development.Iwish_Account -->
    </test> <!-- Default test -->
  </suite> <!-- Default suite -->
</testng-results>
